The system is: Linux - 4.4.0-130-generic - i686
Compiling the C compiler identification source file "CMakeCCompilerId.c" succeeded.
Compiler: /usr/bin/cc 
Build flags: 
Id flags:  

The output was:
0


Compilation of the C compiler identification source "CMakeCCompilerId.c" produced "a.out"

The C compiler identification is GNU, found in "/mnt/hgfs/cvt2d_new/build/Linux-Release/CMakeFiles/3.12.0-rc2/CompilerIdC/a.out"

Compiling the CXX compiler identification source file "CMakeCXXCompilerId.cpp" succeeded.
Compiler: /usr/bin/c++ 
Build flags: 
Id flags:  

The output was:
0


Compilation of the CXX compiler identification source "CMakeCXXCompilerId.cpp" produced "a.out"

The CXX compiler identification is GNU, found in "/mnt/hgfs/cvt2d_new/build/Linux-Release/CMakeFiles/3.12.0-rc2/CompilerIdCXX/a.out"

Determining if the C compiler works passed with the following output:
Change Dir: /mnt/hgfs/cvt2d_new/build/Linux-Release/CMakeFiles/CMakeTmp

Run Build Command:"/usr/bin/make" "cmTC_49b02/fast"
make: Warning: File 'Makefile' has modification time 1.2 s in the future
/usr/bin/make -f CMakeFiles/cmTC_49b02.dir/build.make CMakeFiles/cmTC_49b02.dir/build
make[1]: Entering directory '/mnt/hgfs/cvt2d_new/build/Linux-Release/CMakeFiles/CMakeTmp'
make[1]: Warning: File 'CMakeFiles/cmTC_49b02.dir/flags.make' has modification time 1.1 s in the future
Building C object CMakeFiles/cmTC_49b02.dir/testCCompiler.c.o
/usr/bin/cc    -o CMakeFiles/cmTC_49b02.dir/testCCompiler.c.o   -c /mnt/hgfs/cvt2d_new/build/Linux-Release/CMakeFiles/CMakeTmp/testCCompiler.c
Linking C executable cmTC_49b02
/usr/local/bin/cmake -E cmake_link_script CMakeFiles/cmTC_49b02.dir/link.txt --verbose=1
/usr/bin/cc      -rdynamic CMakeFiles/cmTC_49b02.dir/testCCompiler.c.o  -o cmTC_49b02 
make[1]: warning:  Clock skew detected.  Your build may be incomplete.
make[1]: Leaving directory '/mnt/hgfs/cvt2d_new/build/Linux-Release/CMakeFiles/CMakeTmp'
make: warning:  Clock skew detected.  Your build may be incomplete.


Detecting C compiler ABI info compiled with the following output:
Change Dir: /mnt/hgfs/cvt2d_new/build/Linux-Release/CMakeFiles/CMakeTmp

Run Build Command:"/usr/bin/make" "cmTC_6c627/fast"
make: Warning: File 'Makefile' has modification time 0.91 s in the future
/usr/bin/make -f CMakeFiles/cmTC_6c627.dir/build.make CMakeFiles/cmTC_6c627.dir/build
make[1]: Entering directory '/mnt/hgfs/cvt2d_new/build/Linux-Release/CMakeFiles/CMakeTmp'
make[1]: Warning: File 'CMakeFiles/cmTC_6c627.dir/flags.make' has modification time 0.91 s in the future
Building C object CMakeFiles/cmTC_6c627.dir/CMakeCCompilerABI.c.o
/usr/bin/cc    -o CMakeFiles/cmTC_6c627.dir/CMakeCCompilerABI.c.o   -c /usr/local/share/cmake-3.12/Modules/CMakeCCompilerABI.c
Linking C executable cmTC_6c627
/usr/local/bin/cmake -E cmake_link_script CMakeFiles/cmTC_6c627.dir/link.txt --verbose=1
/usr/bin/cc     -v -rdynamic CMakeFiles/cmTC_6c627.dir/CMakeCCompilerABI.c.o  -o cmTC_6c627 
Using built-in specs.
COLLECT_GCC=/usr/bin/cc
COLLECT_LTO_WRAPPER=/usr/lib/gcc/i686-linux-gnu/5/lto-wrapper
Target: i686-linux-gnu
Configured with: ../src/configure -v --with-pkgversion='Ubuntu 5.4.0-6ubuntu1~16.04.10' --with-bugurl=file:///usr/share/doc/gcc-5/README.Bugs --enable-languages=c,ada,c++,java,go,d,fortran,objc,obj-c++ --prefix=/usr --program-suffix=-5 --enable-shared --enable-linker-build-id --libexecdir=/usr/lib --without-included-gettext --enable-threads=posix --libdir=/usr/lib --enable-nls --with-sysroot=/ --enable-clocale=gnu --enable-libstdcxx-debug --enable-libstdcxx-time=yes --with-default-libstdcxx-abi=new --enable-gnu-unique-object --disable-vtable-verify --enable-libmpx --enable-plugin --with-system-zlib --disable-browser-plugin --enable-java-awt=gtk --enable-gtk-cairo --with-java-home=/usr/lib/jvm/java-1.5.0-gcj-5-i386/jre --enable-java-home --with-jvm-root-dir=/usr/lib/jvm/java-1.5.0-gcj-5-i386 --with-jvm-jar-dir=/usr/lib/jvm-exports/java-1.5.0-gcj-5-i386 --with-arch-directory=i386 --with-ecj-jar=/usr/share/java/eclipse-ecj.jar --enable-objc-gc --enable-targets=all --enable-multiarch --disable-werror --with-arch-32=i686 --with-multilib-list=m32,m64,mx32 --enable-multilib --with-tune=generic --enable-checking=release --build=i686-linux-gnu --host=i686-linux-gnu --target=i686-linux-gnu
Thread model: posix
gcc version 5.4.0 20160609 (Ubuntu 5.4.0-6ubuntu1~16.04.10) 
COMPILER_PATH=/usr/lib/gcc/i686-linux-gnu/5/:/usr/lib/gcc/i686-linux-gnu/5/:/usr/lib/gcc/i686-linux-gnu/:/usr/lib/gcc/i686-linux-gnu/5/:/usr/lib/gcc/i686-linux-gnu/
LIBRARY_PATH=/usr/lib/gcc/i686-linux-gnu/5/:/usr/lib/gcc/i686-linux-gnu/5/../../../i386-linux-gnu/:/usr/lib/gcc/i686-linux-gnu/5/../../../../lib/:/lib/i386-linux-gnu/:/lib/../lib/:/usr/lib/i386-linux-gnu/:/usr/lib/../lib/:/usr/lib/gcc/i686-linux-gnu/5/../../../:/lib/:/usr/lib/
COLLECT_GCC_OPTIONS='-v' '-rdynamic' '-o' 'cmTC_6c627' '-mtune=generic' '-march=i686'
 /usr/lib/gcc/i686-linux-gnu/5/collect2 -plugin /usr/lib/gcc/i686-linux-gnu/5/liblto_plugin.so -plugin-opt=/usr/lib/gcc/i686-linux-gnu/5/lto-wrapper -plugin-opt=-fresolution=/tmp/ccF4k0AH.res -plugin-opt=-pass-through=-lgcc -plugin-opt=-pass-through=-lgcc_s -plugin-opt=-pass-through=-lc -plugin-opt=-pass-through=-lgcc -plugin-opt=-pass-through=-lgcc_s --sysroot=/ --build-id --eh-frame-hdr -m elf_i386 --hash-style=gnu --as-needed -export-dynamic -dynamic-linker /lib/ld-linux.so.2 -z relro -o cmTC_6c627 /usr/lib/gcc/i686-linux-gnu/5/../../../i386-linux-gnu/crt1.o /usr/lib/gcc/i686-linux-gnu/5/../../../i386-linux-gnu/crti.o /usr/lib/gcc/i686-linux-gnu/5/crtbegin.o -L/usr/lib/gcc/i686-linux-gnu/5 -L/usr/lib/gcc/i686-linux-gnu/5/../../../i386-linux-gnu -L/usr/lib/gcc/i686-linux-gnu/5/../../../../lib -L/lib/i386-linux-gnu -L/lib/../lib -L/usr/lib/i386-linux-gnu -L/usr/lib/../lib -L/usr/lib/gcc/i686-linux-gnu/5/../../.. CMakeFiles/cmTC_6c627.dir/CMakeCCompilerABI.c.o -lgcc --as-needed -lgcc_s --no-as-needed -lc -lgcc --as-needed -lgcc_s --no-as-needed /usr/lib/gcc/i686-linux-gnu/5/crtend.o /usr/lib/gcc/i686-linux-gnu/5/../../../i386-linux-gnu/crtn.o
make[1]: warning:  Clock skew detected.  Your build may be incomplete.
make[1]: Leaving directory '/mnt/hgfs/cvt2d_new/build/Linux-Release/CMakeFiles/CMakeTmp'
make: warning:  Clock skew detected.  Your build may be incomplete.


Parsed C implicit link information from above output:
  link line regex: [^( *|.*[/\])(ld|CMAKE_LINK_STARTFILE-NOTFOUND|([^/\]+-)?ld|collect2)[^/\]*( |$)]
  ignore line: [Change Dir: /mnt/hgfs/cvt2d_new/build/Linux-Release/CMakeFiles/CMakeTmp]
  ignore line: []
  ignore line: [Run Build Command:"/usr/bin/make" "cmTC_6c627/fast"]
  ignore line: [make: Warning: File 'Makefile' has modification time 0.91 s in the future]
  ignore line: [/usr/bin/make -f CMakeFiles/cmTC_6c627.dir/build.make CMakeFiles/cmTC_6c627.dir/build]
  ignore line: [make[1]: Entering directory '/mnt/hgfs/cvt2d_new/build/Linux-Release/CMakeFiles/CMakeTmp']
  ignore line: [make[1]: Warning: File 'CMakeFiles/cmTC_6c627.dir/flags.make' has modification time 0.91 s in the future]
  ignore line: [Building C object CMakeFiles/cmTC_6c627.dir/CMakeCCompilerABI.c.o]
  ignore line: [/usr/bin/cc    -o CMakeFiles/cmTC_6c627.dir/CMakeCCompilerABI.c.o   -c /usr/local/share/cmake-3.12/Modules/CMakeCCompilerABI.c]
  ignore line: [Linking C executable cmTC_6c627]
  ignore line: [/usr/local/bin/cmake -E cmake_link_script CMakeFiles/cmTC_6c627.dir/link.txt --verbose=1]
  ignore line: [/usr/bin/cc     -v -rdynamic CMakeFiles/cmTC_6c627.dir/CMakeCCompilerABI.c.o  -o cmTC_6c627 ]
  ignore line: [Using built-in specs.]
  ignore line: [COLLECT_GCC=/usr/bin/cc]
  ignore line: [COLLECT_LTO_WRAPPER=/usr/lib/gcc/i686-linux-gnu/5/lto-wrapper]
  ignore line: [Target: i686-linux-gnu]
  ignore line: [Configured with: ../src/configure -v --with-pkgversion='Ubuntu 5.4.0-6ubuntu1~16.04.10' --with-bugurl=file:///usr/share/doc/gcc-5/README.Bugs --enable-languages=c,ada,c++,java,go,d,fortran,objc,obj-c++ --prefix=/usr --program-suffix=-5 --enable-shared --enable-linker-build-id --libexecdir=/usr/lib --without-included-gettext --enable-threads=posix --libdir=/usr/lib --enable-nls --with-sysroot=/ --enable-clocale=gnu --enable-libstdcxx-debug --enable-libstdcxx-time=yes --with-default-libstdcxx-abi=new --enable-gnu-unique-object --disable-vtable-verify --enable-libmpx --enable-plugin --with-system-zlib --disable-browser-plugin --enable-java-awt=gtk --enable-gtk-cairo --with-java-home=/usr/lib/jvm/java-1.5.0-gcj-5-i386/jre --enable-java-home --with-jvm-root-dir=/usr/lib/jvm/java-1.5.0-gcj-5-i386 --with-jvm-jar-dir=/usr/lib/jvm-exports/java-1.5.0-gcj-5-i386 --with-arch-directory=i386 --with-ecj-jar=/usr/share/java/eclipse-ecj.jar --enable-objc-gc --enable-targets=all --enable-multiarch --disable-werror --with-arch-32=i686 --with-multilib-list=m32,m64,mx32 --enable-multilib --with-tune=generic --enable-checking=release --build=i686-linux-gnu --host=i686-linux-gnu --target=i686-linux-gnu]
  ignore line: [Thread model: posix]
  ignore line: [gcc version 5.4.0 20160609 (Ubuntu 5.4.0-6ubuntu1~16.04.10) ]
  ignore line: [COMPILER_PATH=/usr/lib/gcc/i686-linux-gnu/5/:/usr/lib/gcc/i686-linux-gnu/5/:/usr/lib/gcc/i686-linux-gnu/:/usr/lib/gcc/i686-linux-gnu/5/:/usr/lib/gcc/i686-linux-gnu/]
  ignore line: [LIBRARY_PATH=/usr/lib/gcc/i686-linux-gnu/5/:/usr/lib/gcc/i686-linux-gnu/5/../../../i386-linux-gnu/:/usr/lib/gcc/i686-linux-gnu/5/../../../../lib/:/lib/i386-linux-gnu/:/lib/../lib/:/usr/lib/i386-linux-gnu/:/usr/lib/../lib/:/usr/lib/gcc/i686-linux-gnu/5/../../../:/lib/:/usr/lib/]
  ignore line: [COLLECT_GCC_OPTIONS='-v' '-rdynamic' '-o' 'cmTC_6c627' '-mtune=generic' '-march=i686']
  link line: [ /usr/lib/gcc/i686-linux-gnu/5/collect2 -plugin /usr/lib/gcc/i686-linux-gnu/5/liblto_plugin.so -plugin-opt=/usr/lib/gcc/i686-linux-gnu/5/lto-wrapper -plugin-opt=-fresolution=/tmp/ccF4k0AH.res -plugin-opt=-pass-through=-lgcc -plugin-opt=-pass-through=-lgcc_s -plugin-opt=-pass-through=-lc -plugin-opt=-pass-through=-lgcc -plugin-opt=-pass-through=-lgcc_s --sysroot=/ --build-id --eh-frame-hdr -m elf_i386 --hash-style=gnu --as-needed -export-dynamic -dynamic-linker /lib/ld-linux.so.2 -z relro -o cmTC_6c627 /usr/lib/gcc/i686-linux-gnu/5/../../../i386-linux-gnu/crt1.o /usr/lib/gcc/i686-linux-gnu/5/../../../i386-linux-gnu/crti.o /usr/lib/gcc/i686-linux-gnu/5/crtbegin.o -L/usr/lib/gcc/i686-linux-gnu/5 -L/usr/lib/gcc/i686-linux-gnu/5/../../../i386-linux-gnu -L/usr/lib/gcc/i686-linux-gnu/5/../../../../lib -L/lib/i386-linux-gnu -L/lib/../lib -L/usr/lib/i386-linux-gnu -L/usr/lib/../lib -L/usr/lib/gcc/i686-linux-gnu/5/../../.. CMakeFiles/cmTC_6c627.dir/CMakeCCompilerABI.c.o -lgcc --as-needed -lgcc_s --no-as-needed -lc -lgcc --as-needed -lgcc_s --no-as-needed /usr/lib/gcc/i686-linux-gnu/5/crtend.o /usr/lib/gcc/i686-linux-gnu/5/../../../i386-linux-gnu/crtn.o]
    arg [/usr/lib/gcc/i686-linux-gnu/5/collect2] ==> ignore
    arg [-plugin] ==> ignore
    arg [/usr/lib/gcc/i686-linux-gnu/5/liblto_plugin.so] ==> ignore
    arg [-plugin-opt=/usr/lib/gcc/i686-linux-gnu/5/lto-wrapper] ==> ignore
    arg [-plugin-opt=-fresolution=/tmp/ccF4k0AH.res] ==> ignore
    arg [-plugin-opt=-pass-through=-lgcc] ==> ignore
    arg [-plugin-opt=-pass-through=-lgcc_s] ==> ignore
    arg [-plugin-opt=-pass-through=-lc] ==> ignore
    arg [-plugin-opt=-pass-through=-lgcc] ==> ignore
    arg [-plugin-opt=-pass-through=-lgcc_s] ==> ignore
    arg [--sysroot=/] ==> ignore
    arg [--build-id] ==> ignore
    arg [--eh-frame-hdr] ==> ignore
    arg [-m] ==> ignore
    arg [elf_i386] ==> ignore
    arg [--hash-style=gnu] ==> ignore
    arg [--as-needed] ==> ignore
    arg [-export-dynamic] ==> ignore
    arg [-dynamic-linker] ==> ignore
    arg [/lib/ld-linux.so.2] ==> ignore
    arg [-zrelro] ==> ignore
    arg [-o] ==> ignore
    arg [cmTC_6c627] ==> ignore
    arg [/usr/lib/gcc/i686-linux-gnu/5/../../../i386-linux-gnu/crt1.o] ==> ignore
    arg [/usr/lib/gcc/i686-linux-gnu/5/../../../i386-linux-gnu/crti.o] ==> ignore
    arg [/usr/lib/gcc/i686-linux-gnu/5/crtbegin.o] ==> ignore
    arg [-L/usr/lib/gcc/i686-linux-gnu/5] ==> dir [/usr/lib/gcc/i686-linux-gnu/5]
    arg [-L/usr/lib/gcc/i686-linux-gnu/5/../../../i386-linux-gnu] ==> dir [/usr/lib/gcc/i686-linux-gnu/5/../../../i386-linux-gnu]
    arg [-L/usr/lib/gcc/i686-linux-gnu/5/../../../../lib] ==> dir [/usr/lib/gcc/i686-linux-gnu/5/../../../../lib]
    arg [-L/lib/i386-linux-gnu] ==> dir [/lib/i386-linux-gnu]
    arg [-L/lib/../lib] ==> dir [/lib/../lib]
    arg [-L/usr/lib/i386-linux-gnu] ==> dir [/usr/lib/i386-linux-gnu]
    arg [-L/usr/lib/../lib] ==> dir [/usr/lib/../lib]
    arg [-L/usr/lib/gcc/i686-linux-gnu/5/../../..] ==> dir [/usr/lib/gcc/i686-linux-gnu/5/../../..]
    arg [CMakeFiles/cmTC_6c627.dir/CMakeCCompilerABI.c.o] ==> ignore
    arg [-lgcc] ==> lib [gcc]
    arg [--as-needed] ==> ignore
    arg [-lgcc_s] ==> lib [gcc_s]
    arg [--no-as-needed] ==> ignore
    arg [-lc] ==> lib [c]
    arg [-lgcc] ==> lib [gcc]
    arg [--as-needed] ==> ignore
    arg [-lgcc_s] ==> lib [gcc_s]
    arg [--no-as-needed] ==> ignore
    arg [/usr/lib/gcc/i686-linux-gnu/5/crtend.o] ==> ignore
    arg [/usr/lib/gcc/i686-linux-gnu/5/../../../i386-linux-gnu/crtn.o] ==> ignore
  collapse library dir [/usr/lib/gcc/i686-linux-gnu/5] ==> [/usr/lib/gcc/i686-linux-gnu/5]
  collapse library dir [/usr/lib/gcc/i686-linux-gnu/5/../../../i386-linux-gnu] ==> [/usr/lib/i386-linux-gnu]
  collapse library dir [/usr/lib/gcc/i686-linux-gnu/5/../../../../lib] ==> [/usr/lib]
  collapse library dir [/lib/i386-linux-gnu] ==> [/lib/i386-linux-gnu]
  collapse library dir [/lib/../lib] ==> [/lib]
  collapse library dir [/usr/lib/i386-linux-gnu] ==> [/usr/lib/i386-linux-gnu]
  collapse library dir [/usr/lib/../lib] ==> [/usr/lib]
  collapse library dir [/usr/lib/gcc/i686-linux-gnu/5/../../..] ==> [/usr/lib]
  implicit libs: [gcc;gcc_s;c;gcc;gcc_s]
  implicit dirs: [/usr/lib/gcc/i686-linux-gnu/5;/usr/lib/i386-linux-gnu;/usr/lib;/lib/i386-linux-gnu;/lib]
  implicit fwks: []




Detecting C [-std=c11] compiler features compiled with the following output:
Change Dir: /mnt/hgfs/cvt2d_new/build/Linux-Release/CMakeFiles/CMakeTmp

Run Build Command:"/usr/bin/make" "cmTC_c78b1/fast"
make: Warning: File 'Makefile' has modification time 0.61 s in the future
/usr/bin/make -f CMakeFiles/cmTC_c78b1.dir/build.make CMakeFiles/cmTC_c78b1.dir/build
make[1]: Entering directory '/mnt/hgfs/cvt2d_new/build/Linux-Release/CMakeFiles/CMakeTmp'
make[1]: Warning: File 'CMakeFiles/cmTC_c78b1.dir/flags.make' has modification time 0.6 s in the future
Building C object CMakeFiles/cmTC_c78b1.dir/feature_tests.c.o
/usr/bin/cc   -std=c11 -o CMakeFiles/cmTC_c78b1.dir/feature_tests.c.o   -c /mnt/hgfs/cvt2d_new/build/Linux-Release/CMakeFiles/feature_tests.c
Linking C executable cmTC_c78b1
/usr/local/bin/cmake -E cmake_link_script CMakeFiles/cmTC_c78b1.dir/link.txt --verbose=1
/usr/bin/cc      -rdynamic CMakeFiles/cmTC_c78b1.dir/feature_tests.c.o  -o cmTC_c78b1 
make[1]: warning:  Clock skew detected.  Your build may be incomplete.
make[1]: Leaving directory '/mnt/hgfs/cvt2d_new/build/Linux-Release/CMakeFiles/CMakeTmp'
make: warning:  Clock skew detected.  Your build may be incomplete.


    Feature record: C_FEATURE:1c_function_prototypes
    Feature record: C_FEATURE:1c_restrict
    Feature record: C_FEATURE:1c_static_assert
    Feature record: C_FEATURE:1c_variadic_macros


Detecting C [-std=c99] compiler features compiled with the following output:
Change Dir: /mnt/hgfs/cvt2d_new/build/Linux-Release/CMakeFiles/CMakeTmp

Run Build Command:"/usr/bin/make" "cmTC_b5960/fast"
make: Warning: File 'Makefile' has modification time 1.4 s in the future
/usr/bin/make -f CMakeFiles/cmTC_b5960.dir/build.make CMakeFiles/cmTC_b5960.dir/build
make[1]: Entering directory '/mnt/hgfs/cvt2d_new/build/Linux-Release/CMakeFiles/CMakeTmp'
make[1]: Warning: File 'CMakeFiles/cmTC_b5960.dir/flags.make' has modification time 1.4 s in the future
Building C object CMakeFiles/cmTC_b5960.dir/feature_tests.c.o
/usr/bin/cc   -std=c99 -o CMakeFiles/cmTC_b5960.dir/feature_tests.c.o   -c /mnt/hgfs/cvt2d_new/build/Linux-Release/CMakeFiles/feature_tests.c
Linking C executable cmTC_b5960
/usr/local/bin/cmake -E cmake_link_script CMakeFiles/cmTC_b5960.dir/link.txt --verbose=1
/usr/bin/cc      -rdynamic CMakeFiles/cmTC_b5960.dir/feature_tests.c.o  -o cmTC_b5960 
make[1]: warning:  Clock skew detected.  Your build may be incomplete.
make[1]: Leaving directory '/mnt/hgfs/cvt2d_new/build/Linux-Release/CMakeFiles/CMakeTmp'
make: warning:  Clock skew detected.  Your build may be incomplete.


    Feature record: C_FEATURE:1c_function_prototypes
    Feature record: C_FEATURE:1c_restrict
    Feature record: C_FEATURE:0c_static_assert
    Feature record: C_FEATURE:1c_variadic_macros


Detecting C [-std=c90] compiler features compiled with the following output:
Change Dir: /mnt/hgfs/cvt2d_new/build/Linux-Release/CMakeFiles/CMakeTmp

Run Build Command:"/usr/bin/make" "cmTC_ed91e/fast"
make: Warning: File 'Makefile' has modification time 1.1 s in the future
/usr/bin/make -f CMakeFiles/cmTC_ed91e.dir/build.make CMakeFiles/cmTC_ed91e.dir/build
make[1]: Entering directory '/mnt/hgfs/cvt2d_new/build/Linux-Release/CMakeFiles/CMakeTmp'
make[1]: Warning: File 'CMakeFiles/cmTC_ed91e.dir/flags.make' has modification time 1.1 s in the future
Building C object CMakeFiles/cmTC_ed91e.dir/feature_tests.c.o
/usr/bin/cc   -std=c90 -o CMakeFiles/cmTC_ed91e.dir/feature_tests.c.o   -c /mnt/hgfs/cvt2d_new/build/Linux-Release/CMakeFiles/feature_tests.c
Linking C executable cmTC_ed91e
/usr/local/bin/cmake -E cmake_link_script CMakeFiles/cmTC_ed91e.dir/link.txt --verbose=1
/usr/bin/cc      -rdynamic CMakeFiles/cmTC_ed91e.dir/feature_tests.c.o  -o cmTC_ed91e 
make[1]: warning:  Clock skew detected.  Your build may be incomplete.
make[1]: Leaving directory '/mnt/hgfs/cvt2d_new/build/Linux-Release/CMakeFiles/CMakeTmp'
make: warning:  Clock skew detected.  Your build may be incomplete.


    Feature record: C_FEATURE:1c_function_prototypes
    Feature record: C_FEATURE:0c_restrict
    Feature record: C_FEATURE:0c_static_assert
    Feature record: C_FEATURE:0c_variadic_macros
Determining if the CXX compiler works passed with the following output:
Change Dir: /mnt/hgfs/cvt2d_new/build/Linux-Release/CMakeFiles/CMakeTmp

Run Build Command:"/usr/bin/make" "cmTC_ba0ba/fast"
make: Warning: File 'Makefile' has modification time 0.82 s in the future
/usr/bin/make -f CMakeFiles/cmTC_ba0ba.dir/build.make CMakeFiles/cmTC_ba0ba.dir/build
make[1]: Entering directory '/mnt/hgfs/cvt2d_new/build/Linux-Release/CMakeFiles/CMakeTmp'
make[1]: Warning: File 'CMakeFiles/cmTC_ba0ba.dir/flags.make' has modification time 0.82 s in the future
Building CXX object CMakeFiles/cmTC_ba0ba.dir/testCXXCompiler.cxx.o
/usr/bin/c++     -o CMakeFiles/cmTC_ba0ba.dir/testCXXCompiler.cxx.o -c /mnt/hgfs/cvt2d_new/build/Linux-Release/CMakeFiles/CMakeTmp/testCXXCompiler.cxx
Linking CXX executable cmTC_ba0ba
/usr/local/bin/cmake -E cmake_link_script CMakeFiles/cmTC_ba0ba.dir/link.txt --verbose=1
/usr/bin/c++       -rdynamic CMakeFiles/cmTC_ba0ba.dir/testCXXCompiler.cxx.o  -o cmTC_ba0ba 
make[1]: warning:  Clock skew detected.  Your build may be incomplete.
make[1]: Leaving directory '/mnt/hgfs/cvt2d_new/build/Linux-Release/CMakeFiles/CMakeTmp'
make: warning:  Clock skew detected.  Your build may be incomplete.


Detecting CXX compiler ABI info compiled with the following output:
Change Dir: /mnt/hgfs/cvt2d_new/build/Linux-Release/CMakeFiles/CMakeTmp

Run Build Command:"/usr/bin/make" "cmTC_06214/fast"
make: Warning: File 'Makefile' has modification time 0.59 s in the future
/usr/bin/make -f CMakeFiles/cmTC_06214.dir/build.make CMakeFiles/cmTC_06214.dir/build
make[1]: Entering directory '/mnt/hgfs/cvt2d_new/build/Linux-Release/CMakeFiles/CMakeTmp'
make[1]: Warning: File 'CMakeFiles/cmTC_06214.dir/flags.make' has modification time 0.58 s in the future
Building CXX object CMakeFiles/cmTC_06214.dir/CMakeCXXCompilerABI.cpp.o
/usr/bin/c++     -o CMakeFiles/cmTC_06214.dir/CMakeCXXCompilerABI.cpp.o -c /usr/local/share/cmake-3.12/Modules/CMakeCXXCompilerABI.cpp
Linking CXX executable cmTC_06214
/usr/local/bin/cmake -E cmake_link_script CMakeFiles/cmTC_06214.dir/link.txt --verbose=1
/usr/bin/c++      -v -rdynamic CMakeFiles/cmTC_06214.dir/CMakeCXXCompilerABI.cpp.o  -o cmTC_06214 
Using built-in specs.
COLLECT_GCC=/usr/bin/c++
COLLECT_LTO_WRAPPER=/usr/lib/gcc/i686-linux-gnu/5/lto-wrapper
Target: i686-linux-gnu
Configured with: ../src/configure -v --with-pkgversion='Ubuntu 5.4.0-6ubuntu1~16.04.10' --with-bugurl=file:///usr/share/doc/gcc-5/README.Bugs --enable-languages=c,ada,c++,java,go,d,fortran,objc,obj-c++ --prefix=/usr --program-suffix=-5 --enable-shared --enable-linker-build-id --libexecdir=/usr/lib --without-included-gettext --enable-threads=posix --libdir=/usr/lib --enable-nls --with-sysroot=/ --enable-clocale=gnu --enable-libstdcxx-debug --enable-libstdcxx-time=yes --with-default-libstdcxx-abi=new --enable-gnu-unique-object --disable-vtable-verify --enable-libmpx --enable-plugin --with-system-zlib --disable-browser-plugin --enable-java-awt=gtk --enable-gtk-cairo --with-java-home=/usr/lib/jvm/java-1.5.0-gcj-5-i386/jre --enable-java-home --with-jvm-root-dir=/usr/lib/jvm/java-1.5.0-gcj-5-i386 --with-jvm-jar-dir=/usr/lib/jvm-exports/java-1.5.0-gcj-5-i386 --with-arch-directory=i386 --with-ecj-jar=/usr/share/java/eclipse-ecj.jar --enable-objc-gc --enable-targets=all --enable-multiarch --disable-werror --with-arch-32=i686 --with-multilib-list=m32,m64,mx32 --enable-multilib --with-tune=generic --enable-checking=release --build=i686-linux-gnu --host=i686-linux-gnu --target=i686-linux-gnu
Thread model: posix
gcc version 5.4.0 20160609 (Ubuntu 5.4.0-6ubuntu1~16.04.10) 
COMPILER_PATH=/usr/lib/gcc/i686-linux-gnu/5/:/usr/lib/gcc/i686-linux-gnu/5/:/usr/lib/gcc/i686-linux-gnu/:/usr/lib/gcc/i686-linux-gnu/5/:/usr/lib/gcc/i686-linux-gnu/
LIBRARY_PATH=/usr/lib/gcc/i686-linux-gnu/5/:/usr/lib/gcc/i686-linux-gnu/5/../../../i386-linux-gnu/:/usr/lib/gcc/i686-linux-gnu/5/../../../../lib/:/lib/i386-linux-gnu/:/lib/../lib/:/usr/lib/i386-linux-gnu/:/usr/lib/../lib/:/usr/lib/gcc/i686-linux-gnu/5/../../../:/lib/:/usr/lib/
COLLECT_GCC_OPTIONS='-v' '-rdynamic' '-o' 'cmTC_06214' '-shared-libgcc' '-mtune=generic' '-march=i686'
 /usr/lib/gcc/i686-linux-gnu/5/collect2 -plugin /usr/lib/gcc/i686-linux-gnu/5/liblto_plugin.so -plugin-opt=/usr/lib/gcc/i686-linux-gnu/5/lto-wrapper -plugin-opt=-fresolution=/tmp/ccl94Xx8.res -plugin-opt=-pass-through=-lgcc_s -plugin-opt=-pass-through=-lgcc -plugin-opt=-pass-through=-lc -plugin-opt=-pass-through=-lgcc_s -plugin-opt=-pass-through=-lgcc --sysroot=/ --build-id --eh-frame-hdr -m elf_i386 --hash-style=gnu --as-needed -export-dynamic -dynamic-linker /lib/ld-linux.so.2 -z relro -o cmTC_06214 /usr/lib/gcc/i686-linux-gnu/5/../../../i386-linux-gnu/crt1.o /usr/lib/gcc/i686-linux-gnu/5/../../../i386-linux-gnu/crti.o /usr/lib/gcc/i686-linux-gnu/5/crtbegin.o -L/usr/lib/gcc/i686-linux-gnu/5 -L/usr/lib/gcc/i686-linux-gnu/5/../../../i386-linux-gnu -L/usr/lib/gcc/i686-linux-gnu/5/../../../../lib -L/lib/i386-linux-gnu -L/lib/../lib -L/usr/lib/i386-linux-gnu -L/usr/lib/../lib -L/usr/lib/gcc/i686-linux-gnu/5/../../.. CMakeFiles/cmTC_06214.dir/CMakeCXXCompilerABI.cpp.o -lstdc++ -lm -lgcc_s -lgcc -lc -lgcc_s -lgcc /usr/lib/gcc/i686-linux-gnu/5/crtend.o /usr/lib/gcc/i686-linux-gnu/5/../../../i386-linux-gnu/crtn.o
make[1]: warning:  Clock skew detected.  Your build may be incomplete.
make[1]: Leaving directory '/mnt/hgfs/cvt2d_new/build/Linux-Release/CMakeFiles/CMakeTmp'
make: warning:  Clock skew detected.  Your build may be incomplete.


Parsed CXX implicit link information from above output:
  link line regex: [^( *|.*[/\])(ld|CMAKE_LINK_STARTFILE-NOTFOUND|([^/\]+-)?ld|collect2)[^/\]*( |$)]
  ignore line: [Change Dir: /mnt/hgfs/cvt2d_new/build/Linux-Release/CMakeFiles/CMakeTmp]
  ignore line: []
  ignore line: [Run Build Command:"/usr/bin/make" "cmTC_06214/fast"]
  ignore line: [make: Warning: File 'Makefile' has modification time 0.59 s in the future]
  ignore line: [/usr/bin/make -f CMakeFiles/cmTC_06214.dir/build.make CMakeFiles/cmTC_06214.dir/build]
  ignore line: [make[1]: Entering directory '/mnt/hgfs/cvt2d_new/build/Linux-Release/CMakeFiles/CMakeTmp']
  ignore line: [make[1]: Warning: File 'CMakeFiles/cmTC_06214.dir/flags.make' has modification time 0.58 s in the future]
  ignore line: [Building CXX object CMakeFiles/cmTC_06214.dir/CMakeCXXCompilerABI.cpp.o]
  ignore line: [/usr/bin/c++     -o CMakeFiles/cmTC_06214.dir/CMakeCXXCompilerABI.cpp.o -c /usr/local/share/cmake-3.12/Modules/CMakeCXXCompilerABI.cpp]
  ignore line: [Linking CXX executable cmTC_06214]
  ignore line: [/usr/local/bin/cmake -E cmake_link_script CMakeFiles/cmTC_06214.dir/link.txt --verbose=1]
  ignore line: [/usr/bin/c++      -v -rdynamic CMakeFiles/cmTC_06214.dir/CMakeCXXCompilerABI.cpp.o  -o cmTC_06214 ]
  ignore line: [Using built-in specs.]
  ignore line: [COLLECT_GCC=/usr/bin/c++]
  ignore line: [COLLECT_LTO_WRAPPER=/usr/lib/gcc/i686-linux-gnu/5/lto-wrapper]
  ignore line: [Target: i686-linux-gnu]
  ignore line: [Configured with: ../src/configure -v --with-pkgversion='Ubuntu 5.4.0-6ubuntu1~16.04.10' --with-bugurl=file:///usr/share/doc/gcc-5/README.Bugs --enable-languages=c,ada,c++,java,go,d,fortran,objc,obj-c++ --prefix=/usr --program-suffix=-5 --enable-shared --enable-linker-build-id --libexecdir=/usr/lib --without-included-gettext --enable-threads=posix --libdir=/usr/lib --enable-nls --with-sysroot=/ --enable-clocale=gnu --enable-libstdcxx-debug --enable-libstdcxx-time=yes --with-default-libstdcxx-abi=new --enable-gnu-unique-object --disable-vtable-verify --enable-libmpx --enable-plugin --with-system-zlib --disable-browser-plugin --enable-java-awt=gtk --enable-gtk-cairo --with-java-home=/usr/lib/jvm/java-1.5.0-gcj-5-i386/jre --enable-java-home --with-jvm-root-dir=/usr/lib/jvm/java-1.5.0-gcj-5-i386 --with-jvm-jar-dir=/usr/lib/jvm-exports/java-1.5.0-gcj-5-i386 --with-arch-directory=i386 --with-ecj-jar=/usr/share/java/eclipse-ecj.jar --enable-objc-gc --enable-targets=all --enable-multiarch --disable-werror --with-arch-32=i686 --with-multilib-list=m32,m64,mx32 --enable-multilib --with-tune=generic --enable-checking=release --build=i686-linux-gnu --host=i686-linux-gnu --target=i686-linux-gnu]
  ignore line: [Thread model: posix]
  ignore line: [gcc version 5.4.0 20160609 (Ubuntu 5.4.0-6ubuntu1~16.04.10) ]
  ignore line: [COMPILER_PATH=/usr/lib/gcc/i686-linux-gnu/5/:/usr/lib/gcc/i686-linux-gnu/5/:/usr/lib/gcc/i686-linux-gnu/:/usr/lib/gcc/i686-linux-gnu/5/:/usr/lib/gcc/i686-linux-gnu/]
  ignore line: [LIBRARY_PATH=/usr/lib/gcc/i686-linux-gnu/5/:/usr/lib/gcc/i686-linux-gnu/5/../../../i386-linux-gnu/:/usr/lib/gcc/i686-linux-gnu/5/../../../../lib/:/lib/i386-linux-gnu/:/lib/../lib/:/usr/lib/i386-linux-gnu/:/usr/lib/../lib/:/usr/lib/gcc/i686-linux-gnu/5/../../../:/lib/:/usr/lib/]
  ignore line: [COLLECT_GCC_OPTIONS='-v' '-rdynamic' '-o' 'cmTC_06214' '-shared-libgcc' '-mtune=generic' '-march=i686']
  link line: [ /usr/lib/gcc/i686-linux-gnu/5/collect2 -plugin /usr/lib/gcc/i686-linux-gnu/5/liblto_plugin.so -plugin-opt=/usr/lib/gcc/i686-linux-gnu/5/lto-wrapper -plugin-opt=-fresolution=/tmp/ccl94Xx8.res -plugin-opt=-pass-through=-lgcc_s -plugin-opt=-pass-through=-lgcc -plugin-opt=-pass-through=-lc -plugin-opt=-pass-through=-lgcc_s -plugin-opt=-pass-through=-lgcc --sysroot=/ --build-id --eh-frame-hdr -m elf_i386 --hash-style=gnu --as-needed -export-dynamic -dynamic-linker /lib/ld-linux.so.2 -z relro -o cmTC_06214 /usr/lib/gcc/i686-linux-gnu/5/../../../i386-linux-gnu/crt1.o /usr/lib/gcc/i686-linux-gnu/5/../../../i386-linux-gnu/crti.o /usr/lib/gcc/i686-linux-gnu/5/crtbegin.o -L/usr/lib/gcc/i686-linux-gnu/5 -L/usr/lib/gcc/i686-linux-gnu/5/../../../i386-linux-gnu -L/usr/lib/gcc/i686-linux-gnu/5/../../../../lib -L/lib/i386-linux-gnu -L/lib/../lib -L/usr/lib/i386-linux-gnu -L/usr/lib/../lib -L/usr/lib/gcc/i686-linux-gnu/5/../../.. CMakeFiles/cmTC_06214.dir/CMakeCXXCompilerABI.cpp.o -lstdc++ -lm -lgcc_s -lgcc -lc -lgcc_s -lgcc /usr/lib/gcc/i686-linux-gnu/5/crtend.o /usr/lib/gcc/i686-linux-gnu/5/../../../i386-linux-gnu/crtn.o]
    arg [/usr/lib/gcc/i686-linux-gnu/5/collect2] ==> ignore
    arg [-plugin] ==> ignore
    arg [/usr/lib/gcc/i686-linux-gnu/5/liblto_plugin.so] ==> ignore
    arg [-plugin-opt=/usr/lib/gcc/i686-linux-gnu/5/lto-wrapper] ==> ignore
    arg [-plugin-opt=-fresolution=/tmp/ccl94Xx8.res] ==> ignore
    arg [-plugin-opt=-pass-through=-lgcc_s] ==> ignore
    arg [-plugin-opt=-pass-through=-lgcc] ==> ignore
    arg [-plugin-opt=-pass-through=-lc] ==> ignore
    arg [-plugin-opt=-pass-through=-lgcc_s] ==> ignore
    arg [-plugin-opt=-pass-through=-lgcc] ==> ignore
    arg [--sysroot=/] ==> ignore
    arg [--build-id] ==> ignore
    arg [--eh-frame-hdr] ==> ignore
    arg [-m] ==> ignore
    arg [elf_i386] ==> ignore
    arg [--hash-style=gnu] ==> ignore
    arg [--as-needed] ==> ignore
    arg [-export-dynamic] ==> ignore
    arg [-dynamic-linker] ==> ignore
    arg [/lib/ld-linux.so.2] ==> ignore
    arg [-zrelro] ==> ignore
    arg [-o] ==> ignore
    arg [cmTC_06214] ==> ignore
    arg [/usr/lib/gcc/i686-linux-gnu/5/../../../i386-linux-gnu/crt1.o] ==> ignore
    arg [/usr/lib/gcc/i686-linux-gnu/5/../../../i386-linux-gnu/crti.o] ==> ignore
    arg [/usr/lib/gcc/i686-linux-gnu/5/crtbegin.o] ==> ignore
    arg [-L/usr/lib/gcc/i686-linux-gnu/5] ==> dir [/usr/lib/gcc/i686-linux-gnu/5]
    arg [-L/usr/lib/gcc/i686-linux-gnu/5/../../../i386-linux-gnu] ==> dir [/usr/lib/gcc/i686-linux-gnu/5/../../../i386-linux-gnu]
    arg [-L/usr/lib/gcc/i686-linux-gnu/5/../../../../lib] ==> dir [/usr/lib/gcc/i686-linux-gnu/5/../../../../lib]
    arg [-L/lib/i386-linux-gnu] ==> dir [/lib/i386-linux-gnu]
    arg [-L/lib/../lib] ==> dir [/lib/../lib]
    arg [-L/usr/lib/i386-linux-gnu] ==> dir [/usr/lib/i386-linux-gnu]
    arg [-L/usr/lib/../lib] ==> dir [/usr/lib/../lib]
    arg [-L/usr/lib/gcc/i686-linux-gnu/5/../../..] ==> dir [/usr/lib/gcc/i686-linux-gnu/5/../../..]
    arg [CMakeFiles/cmTC_06214.dir/CMakeCXXCompilerABI.cpp.o] ==> ignore
    arg [-lstdc++] ==> lib [stdc++]
    arg [-lm] ==> lib [m]
    arg [-lgcc_s] ==> lib [gcc_s]
    arg [-lgcc] ==> lib [gcc]
    arg [-lc] ==> lib [c]
    arg [-lgcc_s] ==> lib [gcc_s]
    arg [-lgcc] ==> lib [gcc]
    arg [/usr/lib/gcc/i686-linux-gnu/5/crtend.o] ==> ignore
    arg [/usr/lib/gcc/i686-linux-gnu/5/../../../i386-linux-gnu/crtn.o] ==> ignore
  collapse library dir [/usr/lib/gcc/i686-linux-gnu/5] ==> [/usr/lib/gcc/i686-linux-gnu/5]
  collapse library dir [/usr/lib/gcc/i686-linux-gnu/5/../../../i386-linux-gnu] ==> [/usr/lib/i386-linux-gnu]
  collapse library dir [/usr/lib/gcc/i686-linux-gnu/5/../../../../lib] ==> [/usr/lib]
  collapse library dir [/lib/i386-linux-gnu] ==> [/lib/i386-linux-gnu]
  collapse library dir [/lib/../lib] ==> [/lib]
  collapse library dir [/usr/lib/i386-linux-gnu] ==> [/usr/lib/i386-linux-gnu]
  collapse library dir [/usr/lib/../lib] ==> [/usr/lib]
  collapse library dir [/usr/lib/gcc/i686-linux-gnu/5/../../..] ==> [/usr/lib]
  implicit libs: [stdc++;m;gcc_s;gcc;c;gcc_s;gcc]
  implicit dirs: [/usr/lib/gcc/i686-linux-gnu/5;/usr/lib/i386-linux-gnu;/usr/lib;/lib/i386-linux-gnu;/lib]
  implicit fwks: []




Detecting CXX [-std=c++1z] compiler features compiled with the following output:
Change Dir: /mnt/hgfs/cvt2d_new/build/Linux-Release/CMakeFiles/CMakeTmp

Run Build Command:"/usr/bin/make" "cmTC_4f3d0/fast"
make: Warning: File 'Makefile' has modification time 1.1 s in the future
/usr/bin/make -f CMakeFiles/cmTC_4f3d0.dir/build.make CMakeFiles/cmTC_4f3d0.dir/build
make[1]: Entering directory '/mnt/hgfs/cvt2d_new/build/Linux-Release/CMakeFiles/CMakeTmp'
make[1]: Warning: File 'CMakeFiles/cmTC_4f3d0.dir/flags.make' has modification time 1.1 s in the future
Building CXX object CMakeFiles/cmTC_4f3d0.dir/feature_tests.cxx.o
/usr/bin/c++    -std=c++1z -o CMakeFiles/cmTC_4f3d0.dir/feature_tests.cxx.o -c /mnt/hgfs/cvt2d_new/build/Linux-Release/CMakeFiles/feature_tests.cxx
Linking CXX executable cmTC_4f3d0
/usr/local/bin/cmake -E cmake_link_script CMakeFiles/cmTC_4f3d0.dir/link.txt --verbose=1
/usr/bin/c++       -rdynamic CMakeFiles/cmTC_4f3d0.dir/feature_tests.cxx.o  -o cmTC_4f3d0 
make[1]: warning:  Clock skew detected.  Your build may be incomplete.
make[1]: Leaving directory '/mnt/hgfs/cvt2d_new/build/Linux-Release/CMakeFiles/CMakeTmp'
make: warning:  Clock skew detected.  Your build may be incomplete.


    Feature record: CXX_FEATURE:1cxx_aggregate_default_initializers
    Feature record: CXX_FEATURE:1cxx_alias_templates
    Feature record: CXX_FEATURE:1cxx_alignas
    Feature record: CXX_FEATURE:1cxx_alignof
    Feature record: CXX_FEATURE:1cxx_attributes
    Feature record: CXX_FEATURE:1cxx_attribute_deprecated
    Feature record: CXX_FEATURE:1cxx_auto_type
    Feature record: CXX_FEATURE:1cxx_binary_literals
    Feature record: CXX_FEATURE:1cxx_constexpr
    Feature record: CXX_FEATURE:1cxx_contextual_conversions
    Feature record: CXX_FEATURE:1cxx_decltype
    Feature record: CXX_FEATURE:1cxx_decltype_auto
    Feature record: CXX_FEATURE:1cxx_decltype_incomplete_return_types
    Feature record: CXX_FEATURE:1cxx_default_function_template_args
    Feature record: CXX_FEATURE:1cxx_defaulted_functions
    Feature record: CXX_FEATURE:1cxx_defaulted_move_initializers
    Feature record: CXX_FEATURE:1cxx_delegating_constructors
    Feature record: CXX_FEATURE:1cxx_deleted_functions
    Feature record: CXX_FEATURE:1cxx_digit_separators
    Feature record: CXX_FEATURE:1cxx_enum_forward_declarations
    Feature record: CXX_FEATURE:1cxx_explicit_conversions
    Feature record: CXX_FEATURE:1cxx_extended_friend_declarations
    Feature record: CXX_FEATURE:1cxx_extern_templates
    Feature record: CXX_FEATURE:1cxx_final
    Feature record: CXX_FEATURE:1cxx_func_identifier
    Feature record: CXX_FEATURE:1cxx_generalized_initializers
    Feature record: CXX_FEATURE:1cxx_generic_lambdas
    Feature record: CXX_FEATURE:1cxx_inheriting_constructors
    Feature record: CXX_FEATURE:1cxx_inline_namespaces
    Feature record: CXX_FEATURE:1cxx_lambdas
    Feature record: CXX_FEATURE:1cxx_lambda_init_captures
    Feature record: CXX_FEATURE:1cxx_local_type_template_args
    Feature record: CXX_FEATURE:1cxx_long_long_type
    Feature record: CXX_FEATURE:1cxx_noexcept
    Feature record: CXX_FEATURE:1cxx_nonstatic_member_init
    Feature record: CXX_FEATURE:1cxx_nullptr
    Feature record: CXX_FEATURE:1cxx_override
    Feature record: CXX_FEATURE:1cxx_range_for
    Feature record: CXX_FEATURE:1cxx_raw_string_literals
    Feature record: CXX_FEATURE:1cxx_reference_qualified_functions
    Feature record: CXX_FEATURE:1cxx_relaxed_constexpr
    Feature record: CXX_FEATURE:1cxx_return_type_deduction
    Feature record: CXX_FEATURE:1cxx_right_angle_brackets
    Feature record: CXX_FEATURE:1cxx_rvalue_references
    Feature record: CXX_FEATURE:1cxx_sizeof_member
    Feature record: CXX_FEATURE:1cxx_static_assert
    Feature record: CXX_FEATURE:1cxx_strong_enums
    Feature record: CXX_FEATURE:1cxx_template_template_parameters
    Feature record: CXX_FEATURE:1cxx_thread_local
    Feature record: CXX_FEATURE:1cxx_trailing_return_types
    Feature record: CXX_FEATURE:1cxx_unicode_literals
    Feature record: CXX_FEATURE:1cxx_uniform_initialization
    Feature record: CXX_FEATURE:1cxx_unrestricted_unions
    Feature record: CXX_FEATURE:1cxx_user_literals
    Feature record: CXX_FEATURE:1cxx_variable_templates
    Feature record: CXX_FEATURE:1cxx_variadic_macros
    Feature record: CXX_FEATURE:1cxx_variadic_templates


Detecting CXX [-std=c++14] compiler features compiled with the following output:
Change Dir: /mnt/hgfs/cvt2d_new/build/Linux-Release/CMakeFiles/CMakeTmp

Run Build Command:"/usr/bin/make" "cmTC_ef674/fast"
make: Warning: File 'Makefile' has modification time 0.61 s in the future
/usr/bin/make -f CMakeFiles/cmTC_ef674.dir/build.make CMakeFiles/cmTC_ef674.dir/build
make[1]: Entering directory '/mnt/hgfs/cvt2d_new/build/Linux-Release/CMakeFiles/CMakeTmp'
make[1]: Warning: File 'CMakeFiles/cmTC_ef674.dir/flags.make' has modification time 0.61 s in the future
Building CXX object CMakeFiles/cmTC_ef674.dir/feature_tests.cxx.o
/usr/bin/c++    -std=c++14 -o CMakeFiles/cmTC_ef674.dir/feature_tests.cxx.o -c /mnt/hgfs/cvt2d_new/build/Linux-Release/CMakeFiles/feature_tests.cxx
Linking CXX executable cmTC_ef674
/usr/local/bin/cmake -E cmake_link_script CMakeFiles/cmTC_ef674.dir/link.txt --verbose=1
/usr/bin/c++       -rdynamic CMakeFiles/cmTC_ef674.dir/feature_tests.cxx.o  -o cmTC_ef674 
make[1]: warning:  Clock skew detected.  Your build may be incomplete.
make[1]: Leaving directory '/mnt/hgfs/cvt2d_new/build/Linux-Release/CMakeFiles/CMakeTmp'
make: warning:  Clock skew detected.  Your build may be incomplete.


    Feature record: CXX_FEATURE:1cxx_aggregate_default_initializers
    Feature record: CXX_FEATURE:1cxx_alias_templates
    Feature record: CXX_FEATURE:1cxx_alignas
    Feature record: CXX_FEATURE:1cxx_alignof
    Feature record: CXX_FEATURE:1cxx_attributes
    Feature record: CXX_FEATURE:1cxx_attribute_deprecated
    Feature record: CXX_FEATURE:1cxx_auto_type
    Feature record: CXX_FEATURE:1cxx_binary_literals
    Feature record: CXX_FEATURE:1cxx_constexpr
    Feature record: CXX_FEATURE:1cxx_contextual_conversions
    Feature record: CXX_FEATURE:1cxx_decltype
    Feature record: CXX_FEATURE:1cxx_decltype_auto
    Feature record: CXX_FEATURE:1cxx_decltype_incomplete_return_types
    Feature record: CXX_FEATURE:1cxx_default_function_template_args
    Feature record: CXX_FEATURE:1cxx_defaulted_functions
    Feature record: CXX_FEATURE:1cxx_defaulted_move_initializers
    Feature record: CXX_FEATURE:1cxx_delegating_constructors
    Feature record: CXX_FEATURE:1cxx_deleted_functions
    Feature record: CXX_FEATURE:1cxx_digit_separators
    Feature record: CXX_FEATURE:1cxx_enum_forward_declarations
    Feature record: CXX_FEATURE:1cxx_explicit_conversions
    Feature record: CXX_FEATURE:1cxx_extended_friend_declarations
    Feature record: CXX_FEATURE:1cxx_extern_templates
    Feature record: CXX_FEATURE:1cxx_final
    Feature record: CXX_FEATURE:1cxx_func_identifier
    Feature record: CXX_FEATURE:1cxx_generalized_initializers
    Feature record: CXX_FEATURE:1cxx_generic_lambdas
    Feature record: CXX_FEATURE:1cxx_inheriting_constructors
    Feature record: CXX_FEATURE:1cxx_inline_namespaces
    Feature record: CXX_FEATURE:1cxx_lambdas
    Feature record: CXX_FEATURE:1cxx_lambda_init_captures
    Feature record: CXX_FEATURE:1cxx_local_type_template_args
    Feature record: CXX_FEATURE:1cxx_long_long_type
    Feature record: CXX_FEATURE:1cxx_noexcept
    Feature record: CXX_FEATURE:1cxx_nonstatic_member_init
    Feature record: CXX_FEATURE:1cxx_nullptr
    Feature record: CXX_FEATURE:1cxx_override
    Feature record: CXX_FEATURE:1cxx_range_for
    Feature record: CXX_FEATURE:1cxx_raw_string_literals
    Feature record: CXX_FEATURE:1cxx_reference_qualified_functions
    Feature record: CXX_FEATURE:1cxx_relaxed_constexpr
    Feature record: CXX_FEATURE:1cxx_return_type_deduction
    Feature record: CXX_FEATURE:1cxx_right_angle_brackets
    Feature record: CXX_FEATURE:1cxx_rvalue_references
    Feature record: CXX_FEATURE:1cxx_sizeof_member
    Feature record: CXX_FEATURE:1cxx_static_assert
    Feature record: CXX_FEATURE:1cxx_strong_enums
    Feature record: CXX_FEATURE:1cxx_template_template_parameters
    Feature record: CXX_FEATURE:1cxx_thread_local
    Feature record: CXX_FEATURE:1cxx_trailing_return_types
    Feature record: CXX_FEATURE:1cxx_unicode_literals
    Feature record: CXX_FEATURE:1cxx_uniform_initialization
    Feature record: CXX_FEATURE:1cxx_unrestricted_unions
    Feature record: CXX_FEATURE:1cxx_user_literals
    Feature record: CXX_FEATURE:1cxx_variable_templates
    Feature record: CXX_FEATURE:1cxx_variadic_macros
    Feature record: CXX_FEATURE:1cxx_variadic_templates


Detecting CXX [-std=c++11] compiler features compiled with the following output:
Change Dir: /mnt/hgfs/cvt2d_new/build/Linux-Release/CMakeFiles/CMakeTmp

Run Build Command:"/usr/bin/make" "cmTC_b1735/fast"
make: Warning: File 'Makefile' has modification time 1.1 s in the future
/usr/bin/make -f CMakeFiles/cmTC_b1735.dir/build.make CMakeFiles/cmTC_b1735.dir/build
make[1]: Entering directory '/mnt/hgfs/cvt2d_new/build/Linux-Release/CMakeFiles/CMakeTmp'
make[1]: Warning: File 'CMakeFiles/cmTC_b1735.dir/flags.make' has modification time 1.1 s in the future
Building CXX object CMakeFiles/cmTC_b1735.dir/feature_tests.cxx.o
/usr/bin/c++    -std=c++11 -o CMakeFiles/cmTC_b1735.dir/feature_tests.cxx.o -c /mnt/hgfs/cvt2d_new/build/Linux-Release/CMakeFiles/feature_tests.cxx
Linking CXX executable cmTC_b1735
/usr/local/bin/cmake -E cmake_link_script CMakeFiles/cmTC_b1735.dir/link.txt --verbose=1
/usr/bin/c++       -rdynamic CMakeFiles/cmTC_b1735.dir/feature_tests.cxx.o  -o cmTC_b1735 
make[1]: warning:  Clock skew detected.  Your build may be incomplete.
make[1]: Leaving directory '/mnt/hgfs/cvt2d_new/build/Linux-Release/CMakeFiles/CMakeTmp'
make: warning:  Clock skew detected.  Your build may be incomplete.


    Feature record: CXX_FEATURE:0cxx_aggregate_default_initializers
    Feature record: CXX_FEATURE:1cxx_alias_templates
    Feature record: CXX_FEATURE:1cxx_alignas
    Feature record: CXX_FEATURE:1cxx_alignof
    Feature record: CXX_FEATURE:1cxx_attributes
    Feature record: CXX_FEATURE:0cxx_attribute_deprecated
    Feature record: CXX_FEATURE:1cxx_auto_type
    Feature record: CXX_FEATURE:0cxx_binary_literals
    Feature record: CXX_FEATURE:1cxx_constexpr
    Feature record: CXX_FEATURE:0cxx_contextual_conversions
    Feature record: CXX_FEATURE:1cxx_decltype
    Feature record: CXX_FEATURE:0cxx_decltype_auto
    Feature record: CXX_FEATURE:1cxx_decltype_incomplete_return_types
    Feature record: CXX_FEATURE:1cxx_default_function_template_args
    Feature record: CXX_FEATURE:1cxx_defaulted_functions
    Feature record: CXX_FEATURE:1cxx_defaulted_move_initializers
    Feature record: CXX_FEATURE:1cxx_delegating_constructors
    Feature record: CXX_FEATURE:1cxx_deleted_functions
    Feature record: CXX_FEATURE:0cxx_digit_separators
    Feature record: CXX_FEATURE:1cxx_enum_forward_declarations
    Feature record: CXX_FEATURE:1cxx_explicit_conversions
    Feature record: CXX_FEATURE:1cxx_extended_friend_declarations
    Feature record: CXX_FEATURE:1cxx_extern_templates
    Feature record: CXX_FEATURE:1cxx_final
    Feature record: CXX_FEATURE:1cxx_func_identifier
    Feature record: CXX_FEATURE:1cxx_generalized_initializers
    Feature record: CXX_FEATURE:0cxx_generic_lambdas
    Feature record: CXX_FEATURE:1cxx_inheriting_constructors
    Feature record: CXX_FEATURE:1cxx_inline_namespaces
    Feature record: CXX_FEATURE:1cxx_lambdas
    Feature record: CXX_FEATURE:0cxx_lambda_init_captures
    Feature record: CXX_FEATURE:1cxx_local_type_template_args
    Feature record: CXX_FEATURE:1cxx_long_long_type
    Feature record: CXX_FEATURE:1cxx_noexcept
    Feature record: CXX_FEATURE:1cxx_nonstatic_member_init
    Feature record: CXX_FEATURE:1cxx_nullptr
    Feature record: CXX_FEATURE:1cxx_override
    Feature record: CXX_FEATURE:1cxx_range_for
    Feature record: CXX_FEATURE:1cxx_raw_string_literals
    Feature record: CXX_FEATURE:1cxx_reference_qualified_functions
    Feature record: CXX_FEATURE:0cxx_relaxed_constexpr
    Feature record: CXX_FEATURE:0cxx_return_type_deduction
    Feature record: CXX_FEATURE:1cxx_right_angle_brackets
    Feature record: CXX_FEATURE:1cxx_rvalue_references
    Feature record: CXX_FEATURE:1cxx_sizeof_member
    Feature record: CXX_FEATURE:1cxx_static_assert
    Feature record: CXX_FEATURE:1cxx_strong_enums
    Feature record: CXX_FEATURE:1cxx_template_template_parameters
    Feature record: CXX_FEATURE:1cxx_thread_local
    Feature record: CXX_FEATURE:1cxx_trailing_return_types
    Feature record: CXX_FEATURE:1cxx_unicode_literals
    Feature record: CXX_FEATURE:1cxx_uniform_initialization
    Feature record: CXX_FEATURE:1cxx_unrestricted_unions
    Feature record: CXX_FEATURE:1cxx_user_literals
    Feature record: CXX_FEATURE:0cxx_variable_templates
    Feature record: CXX_FEATURE:1cxx_variadic_macros
    Feature record: CXX_FEATURE:1cxx_variadic_templates


Detecting CXX [-std=c++98] compiler features compiled with the following output:
Change Dir: /mnt/hgfs/cvt2d_new/build/Linux-Release/CMakeFiles/CMakeTmp

Run Build Command:"/usr/bin/make" "cmTC_08109/fast"
make: Warning: File 'Makefile' has modification time 0.52 s in the future
/usr/bin/make -f CMakeFiles/cmTC_08109.dir/build.make CMakeFiles/cmTC_08109.dir/build
make[1]: Entering directory '/mnt/hgfs/cvt2d_new/build/Linux-Release/CMakeFiles/CMakeTmp'
make[1]: Warning: File 'CMakeFiles/cmTC_08109.dir/flags.make' has modification time 0.5 s in the future
Building CXX object CMakeFiles/cmTC_08109.dir/feature_tests.cxx.o
/usr/bin/c++    -std=c++98 -o CMakeFiles/cmTC_08109.dir/feature_tests.cxx.o -c /mnt/hgfs/cvt2d_new/build/Linux-Release/CMakeFiles/feature_tests.cxx
Linking CXX executable cmTC_08109
/usr/local/bin/cmake -E cmake_link_script CMakeFiles/cmTC_08109.dir/link.txt --verbose=1
/usr/bin/c++       -rdynamic CMakeFiles/cmTC_08109.dir/feature_tests.cxx.o  -o cmTC_08109 
make[1]: warning:  Clock skew detected.  Your build may be incomplete.
make[1]: Leaving directory '/mnt/hgfs/cvt2d_new/build/Linux-Release/CMakeFiles/CMakeTmp'
make: warning:  Clock skew detected.  Your build may be incomplete.


    Feature record: CXX_FEATURE:0cxx_aggregate_default_initializers
    Feature record: CXX_FEATURE:0cxx_alias_templates
    Feature record: CXX_FEATURE:0cxx_alignas
    Feature record: CXX_FEATURE:0cxx_alignof
    Feature record: CXX_FEATURE:0cxx_attributes
    Feature record: CXX_FEATURE:0cxx_attribute_deprecated
    Feature record: CXX_FEATURE:0cxx_auto_type
    Feature record: CXX_FEATURE:0cxx_binary_literals
    Feature record: CXX_FEATURE:0cxx_constexpr
    Feature record: CXX_FEATURE:0cxx_contextual_conversions
    Feature record: CXX_FEATURE:0cxx_decltype
    Feature record: CXX_FEATURE:0cxx_decltype_auto
    Feature record: CXX_FEATURE:0cxx_decltype_incomplete_return_types
    Feature record: CXX_FEATURE:0cxx_default_function_template_args
    Feature record: CXX_FEATURE:0cxx_defaulted_functions
    Feature record: CXX_FEATURE:0cxx_defaulted_move_initializers
    Feature record: CXX_FEATURE:0cxx_delegating_constructors
    Feature record: CXX_FEATURE:0cxx_deleted_functions
    Feature record: CXX_FEATURE:0cxx_digit_separators
    Feature record: CXX_FEATURE:0cxx_enum_forward_declarations
    Feature record: CXX_FEATURE:0cxx_explicit_conversions
    Feature record: CXX_FEATURE:0cxx_extended_friend_declarations
    Feature record: CXX_FEATURE:0cxx_extern_templates
    Feature record: CXX_FEATURE:0cxx_final
    Feature record: CXX_FEATURE:0cxx_func_identifier
    Feature record: CXX_FEATURE:0cxx_generalized_initializers
    Feature record: CXX_FEATURE:0cxx_generic_lambdas
    Feature record: CXX_FEATURE:0cxx_inheriting_constructors
    Feature record: CXX_FEATURE:0cxx_inline_namespaces
    Feature record: CXX_FEATURE:0cxx_lambdas
    Feature record: CXX_FEATURE:0cxx_lambda_init_captures
    Feature record: CXX_FEATURE:0cxx_local_type_template_args
    Feature record: CXX_FEATURE:0cxx_long_long_type
    Feature record: CXX_FEATURE:0cxx_noexcept
    Feature record: CXX_FEATURE:0cxx_nonstatic_member_init
    Feature record: CXX_FEATURE:0cxx_nullptr
    Feature record: CXX_FEATURE:0cxx_override
    Feature record: CXX_FEATURE:0cxx_range_for
    Feature record: CXX_FEATURE:0cxx_raw_string_literals
    Feature record: CXX_FEATURE:0cxx_reference_qualified_functions
    Feature record: CXX_FEATURE:0cxx_relaxed_constexpr
    Feature record: CXX_FEATURE:0cxx_return_type_deduction
    Feature record: CXX_FEATURE:0cxx_right_angle_brackets
    Feature record: CXX_FEATURE:0cxx_rvalue_references
    Feature record: CXX_FEATURE:0cxx_sizeof_member
    Feature record: CXX_FEATURE:0cxx_static_assert
    Feature record: CXX_FEATURE:0cxx_strong_enums
    Feature record: CXX_FEATURE:1cxx_template_template_parameters
    Feature record: CXX_FEATURE:0cxx_thread_local
    Feature record: CXX_FEATURE:0cxx_trailing_return_types
    Feature record: CXX_FEATURE:0cxx_unicode_literals
    Feature record: CXX_FEATURE:0cxx_uniform_initialization
    Feature record: CXX_FEATURE:0cxx_unrestricted_unions
    Feature record: CXX_FEATURE:0cxx_user_literals
    Feature record: CXX_FEATURE:0cxx_variable_templates
    Feature record: CXX_FEATURE:0cxx_variadic_macros
    Feature record: CXX_FEATURE:0cxx_variadic_templates
Determining if the include file pthread.h exists passed with the following output:
Change Dir: /mnt/hgfs/cvt2d_new/build/Linux-Release/CMakeFiles/CMakeTmp

Run Build Command:"/usr/bin/make" "cmTC_9bd9b/fast"
make: Warning: File 'Makefile' has modification time 0.59 s in the future
/usr/bin/make -f CMakeFiles/cmTC_9bd9b.dir/build.make CMakeFiles/cmTC_9bd9b.dir/build
make[1]: Entering directory '/mnt/hgfs/cvt2d_new/build/Linux-Release/CMakeFiles/CMakeTmp'
make[1]: Warning: File 'CMakeFiles/cmTC_9bd9b.dir/flags.make' has modification time 0.58 s in the future
Building C object CMakeFiles/cmTC_9bd9b.dir/CheckIncludeFile.c.o
/usr/bin/cc    -o CMakeFiles/cmTC_9bd9b.dir/CheckIncludeFile.c.o   -c /mnt/hgfs/cvt2d_new/build/Linux-Release/CMakeFiles/CMakeTmp/CheckIncludeFile.c
Linking C executable cmTC_9bd9b
/usr/local/bin/cmake -E cmake_link_script CMakeFiles/cmTC_9bd9b.dir/link.txt --verbose=1
/usr/bin/cc      -rdynamic CMakeFiles/cmTC_9bd9b.dir/CheckIncludeFile.c.o  -o cmTC_9bd9b 
make[1]: warning:  Clock skew detected.  Your build may be incomplete.
make[1]: Leaving directory '/mnt/hgfs/cvt2d_new/build/Linux-Release/CMakeFiles/CMakeTmp'
make: warning:  Clock skew detected.  Your build may be incomplete.


Determining if the function pthread_create exists in the pthread passed with the following output:
Change Dir: /mnt/hgfs/cvt2d_new/build/Linux-Release/CMakeFiles/CMakeTmp

Run Build Command:"/usr/bin/make" "cmTC_04143/fast"
make: Warning: File 'Makefile' has modification time 0.9 s in the future
/usr/bin/make -f CMakeFiles/cmTC_04143.dir/build.make CMakeFiles/cmTC_04143.dir/build
make[1]: Entering directory '/mnt/hgfs/cvt2d_new/build/Linux-Release/CMakeFiles/CMakeTmp'
make[1]: Warning: File 'CMakeFiles/cmTC_04143.dir/flags.make' has modification time 0.89 s in the future
Building C object CMakeFiles/cmTC_04143.dir/CheckFunctionExists.c.o
/usr/bin/cc   -DCHECK_FUNCTION_EXISTS=pthread_create   -o CMakeFiles/cmTC_04143.dir/CheckFunctionExists.c.o   -c /usr/local/share/cmake-3.12/Modules/CheckFunctionExists.c
Linking C executable cmTC_04143
/usr/local/bin/cmake -E cmake_link_script CMakeFiles/cmTC_04143.dir/link.txt --verbose=1
/usr/bin/cc  -DCHECK_FUNCTION_EXISTS=pthread_create    -rdynamic CMakeFiles/cmTC_04143.dir/CheckFunctionExists.c.o  -o cmTC_04143 -lpthread 
make[1]: warning:  Clock skew detected.  Your build may be incomplete.
make[1]: Leaving directory '/mnt/hgfs/cvt2d_new/build/Linux-Release/CMakeFiles/CMakeTmp'
make: warning:  Clock skew detected.  Your build may be incomplete.


