Determining if the pthread_create exist failed with the following output:
Change Dir: /mnt/hgfs/cvt2d_new/build/Linux-Release/CMakeFiles/CMakeTmp

Run Build Command:"/usr/bin/make" "cmTC_3079d/fast"
make: Warning: File 'Makefile' has modification time 1.4 s in the future
/usr/bin/make -f CMakeFiles/cmTC_3079d.dir/build.make CMakeFiles/cmTC_3079d.dir/build
make[1]: Entering directory '/mnt/hgfs/cvt2d_new/build/Linux-Release/CMakeFiles/CMakeTmp'
make[1]: Warning: File 'CMakeFiles/cmTC_3079d.dir/flags.make' has modification time 1.3 s in the future
Building C object CMakeFiles/cmTC_3079d.dir/CheckSymbolExists.c.o
/usr/bin/cc    -o CMakeFiles/cmTC_3079d.dir/CheckSymbolExists.c.o   -c /mnt/hgfs/cvt2d_new/build/Linux-Release/CMakeFiles/CMakeTmp/CheckSymbolExists.c
Linking C executable cmTC_3079d
/usr/local/bin/cmake -E cmake_link_script CMakeFiles/cmTC_3079d.dir/link.txt --verbose=1
/usr/bin/cc      -rdynamic CMakeFiles/cmTC_3079d.dir/CheckSymbolExists.c.o  -o cmTC_3079d 
CMakeFiles/cmTC_3079d.dir/CheckSymbolExists.c.o: In function `main':
CheckSymbolExists.c:(.text+0xa): undefined reference to `pthread_create'
collect2: error: ld returned 1 exit status
CMakeFiles/cmTC_3079d.dir/build.make:86: recipe for target 'cmTC_3079d' failed
make[1]: *** [cmTC_3079d] Error 1
make[1]: Leaving directory '/mnt/hgfs/cvt2d_new/build/Linux-Release/CMakeFiles/CMakeTmp'
Makefile:121: recipe for target 'cmTC_3079d/fast' failed
make: *** [cmTC_3079d/fast] Error 2

File /mnt/hgfs/cvt2d_new/build/Linux-Release/CMakeFiles/CMakeTmp/CheckSymbolExists.c:
/* */
#include <pthread.h>

int main(int argc, char** argv)
{
  (void)argv;
#ifndef pthread_create
  return ((int*)(&pthread_create))[argc];
#else
  (void)argc;
  return 0;
#endif
}

Determining if the function pthread_create exists in the pthreads failed with the following output:
Change Dir: /mnt/hgfs/cvt2d_new/build/Linux-Release/CMakeFiles/CMakeTmp

Run Build Command:"/usr/bin/make" "cmTC_5b759/fast"
make: Warning: File 'Makefile' has modification time 1.1 s in the future
/usr/bin/make -f CMakeFiles/cmTC_5b759.dir/build.make CMakeFiles/cmTC_5b759.dir/build
make[1]: Entering directory '/mnt/hgfs/cvt2d_new/build/Linux-Release/CMakeFiles/CMakeTmp'
make[1]: Warning: File 'CMakeFiles/cmTC_5b759.dir/flags.make' has modification time 1.1 s in the future
Building C object CMakeFiles/cmTC_5b759.dir/CheckFunctionExists.c.o
/usr/bin/cc   -DCHECK_FUNCTION_EXISTS=pthread_create   -o CMakeFiles/cmTC_5b759.dir/CheckFunctionExists.c.o   -c /usr/local/share/cmake-3.12/Modules/CheckFunctionExists.c
Linking C executable cmTC_5b759
/usr/local/bin/cmake -E cmake_link_script CMakeFiles/cmTC_5b759.dir/link.txt --verbose=1
/usr/bin/cc  -DCHECK_FUNCTION_EXISTS=pthread_create    -rdynamic CMakeFiles/cmTC_5b759.dir/CheckFunctionExists.c.o  -o cmTC_5b759 -lpthreads 
/usr/bin/ld: cannot find -lpthreads
collect2: error: ld returned 1 exit status
CMakeFiles/cmTC_5b759.dir/build.make:86: recipe for target 'cmTC_5b759' failed
make[1]: *** [cmTC_5b759] Error 1
make[1]: Leaving directory '/mnt/hgfs/cvt2d_new/build/Linux-Release/CMakeFiles/CMakeTmp'
Makefile:121: recipe for target 'cmTC_5b759/fast' failed
make: *** [cmTC_5b759/fast] Error 2


