Determining if the pthread_create exist failed with the following output:
Change Dir: /mnt/hgfs/cvt2d/build/Linux-Debug/CMakeFiles/CMakeTmp

Run Build Command:"/usr/bin/make" "cmTC_04c41/fast"
make: Warning: File 'Makefile' has modification time 0.86 s in the future
/usr/bin/make -f CMakeFiles/cmTC_04c41.dir/build.make CMakeFiles/cmTC_04c41.dir/build
make[1]: Entering directory '/mnt/hgfs/cvt2d/build/Linux-Debug/CMakeFiles/CMakeTmp'
make[1]: Warning: File 'CMakeFiles/cmTC_04c41.dir/flags.make' has modification time 0.86 s in the future
Building C object CMakeFiles/cmTC_04c41.dir/CheckSymbolExists.c.o
/usr/bin/cc    -o CMakeFiles/cmTC_04c41.dir/CheckSymbolExists.c.o   -c /mnt/hgfs/cvt2d/build/Linux-Debug/CMakeFiles/CMakeTmp/CheckSymbolExists.c
Linking C executable cmTC_04c41
/usr/local/bin/cmake -E cmake_link_script CMakeFiles/cmTC_04c41.dir/link.txt --verbose=1
/usr/bin/cc      -rdynamic CMakeFiles/cmTC_04c41.dir/CheckSymbolExists.c.o  -o cmTC_04c41 
CMakeFiles/cmTC_04c41.dir/CheckSymbolExists.c.o: In function `main':
CheckSymbolExists.c:(.text+0xa): undefined reference to `pthread_create'
collect2: error: ld returned 1 exit status
CMakeFiles/cmTC_04c41.dir/build.make:86: recipe for target 'cmTC_04c41' failed
make[1]: *** [cmTC_04c41] Error 1
make[1]: Leaving directory '/mnt/hgfs/cvt2d/build/Linux-Debug/CMakeFiles/CMakeTmp'
Makefile:121: recipe for target 'cmTC_04c41/fast' failed
make: *** [cmTC_04c41/fast] Error 2

File /mnt/hgfs/cvt2d/build/Linux-Debug/CMakeFiles/CMakeTmp/CheckSymbolExists.c:
/* */
#include <pthread.h>

int main(int argc, char** argv)
{
  (void)argv;
#ifndef pthread_create
  return ((int*)(&pthread_create))[argc];
#else
  (void)argc;
  return 0;
#endif
}

Determining if the function pthread_create exists in the pthreads failed with the following output:
Change Dir: /mnt/hgfs/cvt2d/build/Linux-Debug/CMakeFiles/CMakeTmp

Run Build Command:"/usr/bin/make" "cmTC_382ca/fast"
make: Warning: File 'Makefile' has modification time 0.6 s in the future
/usr/bin/make -f CMakeFiles/cmTC_382ca.dir/build.make CMakeFiles/cmTC_382ca.dir/build
make[1]: Entering directory '/mnt/hgfs/cvt2d/build/Linux-Debug/CMakeFiles/CMakeTmp'
make[1]: Warning: File 'CMakeFiles/cmTC_382ca.dir/flags.make' has modification time 0.59 s in the future
Building C object CMakeFiles/cmTC_382ca.dir/CheckFunctionExists.c.o
/usr/bin/cc   -DCHECK_FUNCTION_EXISTS=pthread_create   -o CMakeFiles/cmTC_382ca.dir/CheckFunctionExists.c.o   -c /usr/local/share/cmake-3.12/Modules/CheckFunctionExists.c
Linking C executable cmTC_382ca
/usr/local/bin/cmake -E cmake_link_script CMakeFiles/cmTC_382ca.dir/link.txt --verbose=1
/usr/bin/cc  -DCHECK_FUNCTION_EXISTS=pthread_create    -rdynamic CMakeFiles/cmTC_382ca.dir/CheckFunctionExists.c.o  -o cmTC_382ca -lpthreads 
/usr/bin/ld: cannot find -lpthreads
collect2: error: ld returned 1 exit status
CMakeFiles/cmTC_382ca.dir/build.make:86: recipe for target 'cmTC_382ca' failed
make[1]: *** [cmTC_382ca] Error 1
make[1]: Leaving directory '/mnt/hgfs/cvt2d/build/Linux-Debug/CMakeFiles/CMakeTmp'
Makefile:121: recipe for target 'cmTC_382ca/fast' failed
make: *** [cmTC_382ca/fast] Error 2


